13:53:09.557 [main] FATAL com.cohort4.cohort4jaxrsapp.dao.UserDao - This is a FATAL log
13:53:09.557 [main] FATAL com.cohort4.cohort4jaxrsapp.dao.UserDao - This is a FATAL log
13:53:09.639 [main] ERROR com.cohort4.cohort4jaxrsapp.dao.UserDao - This is a ERROR log
13:53:09.639 [main] ERROR com.cohort4.cohort4jaxrsapp.dao.UserDao - This is a ERROR log
13:53:09.644 [main] WARN  com.cohort4.cohort4jaxrsapp.dao.UserDao - This is a WARN log
13:53:09.644 [main] WARN  com.cohort4.cohort4jaxrsapp.dao.UserDao - This is a WARN log
13:53:09.648 [main] INFO  com.cohort4.cohort4jaxrsapp.dao.UserDao - This is a INFO log
13:53:09.648 [main] INFO  com.cohort4.cohort4jaxrsapp.dao.UserDao - This is a INFO log
13:53:09.651 [main] DEBUG com.cohort4.cohort4jaxrsapp.dao.UserDao - This is a DEBUG log
13:53:09.651 [main] DEBUG com.cohort4.cohort4jaxrsapp.dao.UserDao - This is a DEBUG log
13:53:09.660 [main] TRACE com.cohort4.cohort4jaxrsapp.dao.UserDao - This is a TRACE log
13:53:09.660 [main] TRACE com.cohort4.cohort4jaxrsapp.dao.UserDao - This is a TRACE log
13:53:09.686 [main] FATAL com.cohort4.cohort4jaxrsapp.dao.UserDao - This is a FATAL log
13:53:09.686 [main] FATAL com.cohort4.cohort4jaxrsapp.dao.UserDao - This is a FATAL log
13:53:09.689 [main] ERROR com.cohort4.cohort4jaxrsapp.dao.UserDao - This is a ERROR log
13:53:09.689 [main] ERROR com.cohort4.cohort4jaxrsapp.dao.UserDao - This is a ERROR log
13:53:09.692 [main] WARN  com.cohort4.cohort4jaxrsapp.dao.UserDao - This is a WARN log
13:53:09.692 [main] WARN  com.cohort4.cohort4jaxrsapp.dao.UserDao - This is a WARN log
13:53:09.693 [main] INFO  com.cohort4.cohort4jaxrsapp.dao.UserDao - This is a INFO log
13:53:09.693 [main] INFO  com.cohort4.cohort4jaxrsapp.dao.UserDao - This is a INFO log
13:53:09.695 [main] DEBUG com.cohort4.cohort4jaxrsapp.dao.UserDao - This is a DEBUG log
13:53:09.695 [main] DEBUG com.cohort4.cohort4jaxrsapp.dao.UserDao - This is a DEBUG log
13:53:09.696 [main] TRACE com.cohort4.cohort4jaxrsapp.dao.UserDao - This is a TRACE log
13:53:09.696 [main] TRACE com.cohort4.cohort4jaxrsapp.dao.UserDao - This is a TRACE log
14:06:56.374 [main] FATAL com.cohort4.cohort4jaxrsapp.dao.UserDao - This is a FATAL log
14:06:56.374 [main] FATAL com.cohort4.cohort4jaxrsapp.dao.UserDao - This is a FATAL log
14:06:56.414 [main] ERROR com.cohort4.cohort4jaxrsapp.dao.UserDao - This is a ERROR log
14:06:56.414 [main] ERROR com.cohort4.cohort4jaxrsapp.dao.UserDao - This is a ERROR log
14:06:56.416 [main] WARN  com.cohort4.cohort4jaxrsapp.dao.UserDao - This is a WARN log
14:06:56.416 [main] WARN  com.cohort4.cohort4jaxrsapp.dao.UserDao - This is a WARN log
14:06:56.419 [main] INFO  com.cohort4.cohort4jaxrsapp.dao.UserDao - This is a INFO log
14:06:56.419 [main] INFO  com.cohort4.cohort4jaxrsapp.dao.UserDao - This is a INFO log
14:06:56.421 [main] DEBUG com.cohort4.cohort4jaxrsapp.dao.UserDao - This is a DEBUG log
14:06:56.421 [main] DEBUG com.cohort4.cohort4jaxrsapp.dao.UserDao - This is a DEBUG log
14:06:56.423 [main] TRACE com.cohort4.cohort4jaxrsapp.dao.UserDao - This is a TRACE log
14:06:56.423 [main] TRACE com.cohort4.cohort4jaxrsapp.dao.UserDao - This is a TRACE log
14:06:56.443 [main] FATAL com.cohort4.cohort4jaxrsapp.dao.UserDao - This is a FATAL log
14:06:56.443 [main] FATAL com.cohort4.cohort4jaxrsapp.dao.UserDao - This is a FATAL log
14:06:56.447 [main] ERROR com.cohort4.cohort4jaxrsapp.dao.UserDao - This is a ERROR log
14:06:56.447 [main] ERROR com.cohort4.cohort4jaxrsapp.dao.UserDao - This is a ERROR log
14:06:56.449 [main] WARN  com.cohort4.cohort4jaxrsapp.dao.UserDao - This is a WARN log
14:06:56.449 [main] WARN  com.cohort4.cohort4jaxrsapp.dao.UserDao - This is a WARN log
14:06:56.456 [main] INFO  com.cohort4.cohort4jaxrsapp.dao.UserDao - This is a INFO log
14:06:56.456 [main] INFO  com.cohort4.cohort4jaxrsapp.dao.UserDao - This is a INFO log
14:06:56.458 [main] DEBUG com.cohort4.cohort4jaxrsapp.dao.UserDao - This is a DEBUG log
14:06:56.458 [main] DEBUG com.cohort4.cohort4jaxrsapp.dao.UserDao - This is a DEBUG log
14:06:56.460 [main] TRACE com.cohort4.cohort4jaxrsapp.dao.UserDao - This is a TRACE log
14:06:56.460 [main] TRACE com.cohort4.cohort4jaxrsapp.dao.UserDao - This is a TRACE log
14:11:36.922 [main] FATAL com.cohort4.cohort4jaxrsapp.dao.UserDao - This is a FATAL log
14:11:36.922 [main] FATAL com.cohort4.cohort4jaxrsapp.dao.UserDao - This is a FATAL log
14:11:37.008 [main] ERROR com.cohort4.cohort4jaxrsapp.dao.UserDao - This is a ERROR log
14:11:37.008 [main] ERROR com.cohort4.cohort4jaxrsapp.dao.UserDao - This is a ERROR log
14:11:37.011 [main] WARN  com.cohort4.cohort4jaxrsapp.dao.UserDao - This is a WARN log
14:11:37.011 [main] WARN  com.cohort4.cohort4jaxrsapp.dao.UserDao - This is a WARN log
14:11:37.018 [main] INFO  com.cohort4.cohort4jaxrsapp.dao.UserDao - This is a INFO log
14:11:37.018 [main] INFO  com.cohort4.cohort4jaxrsapp.dao.UserDao - This is a INFO log
14:11:37.021 [main] DEBUG com.cohort4.cohort4jaxrsapp.dao.UserDao - This is a DEBUG log
14:11:37.021 [main] DEBUG com.cohort4.cohort4jaxrsapp.dao.UserDao - This is a DEBUG log
14:11:37.032 [main] TRACE com.cohort4.cohort4jaxrsapp.dao.UserDao - This is a TRACE log
14:11:37.032 [main] TRACE com.cohort4.cohort4jaxrsapp.dao.UserDao - This is a TRACE log
14:11:37.071 [main] FATAL com.cohort4.cohort4jaxrsapp.dao.UserDao - This is a FATAL log
14:11:37.071 [main] FATAL com.cohort4.cohort4jaxrsapp.dao.UserDao - This is a FATAL log
14:11:37.073 [main] ERROR com.cohort4.cohort4jaxrsapp.dao.UserDao - This is a ERROR log
14:11:37.073 [main] ERROR com.cohort4.cohort4jaxrsapp.dao.UserDao - This is a ERROR log
14:11:37.078 [main] WARN  com.cohort4.cohort4jaxrsapp.dao.UserDao - This is a WARN log
14:11:37.078 [main] WARN  com.cohort4.cohort4jaxrsapp.dao.UserDao - This is a WARN log
14:11:37.086 [main] INFO  com.cohort4.cohort4jaxrsapp.dao.UserDao - This is a INFO log
14:11:37.086 [main] INFO  com.cohort4.cohort4jaxrsapp.dao.UserDao - This is a INFO log
14:11:37.095 [main] DEBUG com.cohort4.cohort4jaxrsapp.dao.UserDao - This is a DEBUG log
14:11:37.095 [main] DEBUG com.cohort4.cohort4jaxrsapp.dao.UserDao - This is a DEBUG log
14:11:37.137 [main] TRACE com.cohort4.cohort4jaxrsapp.dao.UserDao - This is a TRACE log
14:11:37.137 [main] TRACE com.cohort4.cohort4jaxrsapp.dao.UserDao - This is a TRACE log
16:27:39.055 [main] FATAL com.cohort4.cohort4jaxrsapp.dao.UserDao - This is a FATAL log
16:27:39.055 [main] FATAL com.cohort4.cohort4jaxrsapp.dao.UserDao - This is a FATAL log
16:27:39.241 [main] ERROR com.cohort4.cohort4jaxrsapp.dao.UserDao - This is a ERROR log
16:27:39.241 [main] ERROR com.cohort4.cohort4jaxrsapp.dao.UserDao - This is a ERROR log
16:27:39.243 [main] WARN  com.cohort4.cohort4jaxrsapp.dao.UserDao - This is a WARN log
16:27:39.243 [main] WARN  com.cohort4.cohort4jaxrsapp.dao.UserDao - This is a WARN log
16:27:39.245 [main] INFO  com.cohort4.cohort4jaxrsapp.dao.UserDao - This is a INFO log
16:27:39.245 [main] INFO  com.cohort4.cohort4jaxrsapp.dao.UserDao - This is a INFO log
16:27:39.247 [main] DEBUG com.cohort4.cohort4jaxrsapp.dao.UserDao - This is a DEBUG log
16:27:39.247 [main] DEBUG com.cohort4.cohort4jaxrsapp.dao.UserDao - This is a DEBUG log
16:27:39.250 [main] TRACE com.cohort4.cohort4jaxrsapp.dao.UserDao - This is a TRACE log
16:27:39.250 [main] TRACE com.cohort4.cohort4jaxrsapp.dao.UserDao - This is a TRACE log
16:27:39.267 [main] FATAL com.cohort4.cohort4jaxrsapp.dao.UserDao - This is a FATAL log
16:27:39.267 [main] FATAL com.cohort4.cohort4jaxrsapp.dao.UserDao - This is a FATAL log
16:27:39.270 [main] ERROR com.cohort4.cohort4jaxrsapp.dao.UserDao - This is a ERROR log
16:27:39.270 [main] ERROR com.cohort4.cohort4jaxrsapp.dao.UserDao - This is a ERROR log
16:27:39.273 [main] WARN  com.cohort4.cohort4jaxrsapp.dao.UserDao - This is a WARN log
16:27:39.273 [main] WARN  com.cohort4.cohort4jaxrsapp.dao.UserDao - This is a WARN log
16:27:39.277 [main] INFO  com.cohort4.cohort4jaxrsapp.dao.UserDao - This is a INFO log
16:27:39.277 [main] INFO  com.cohort4.cohort4jaxrsapp.dao.UserDao - This is a INFO log
16:27:39.281 [main] DEBUG com.cohort4.cohort4jaxrsapp.dao.UserDao - This is a DEBUG log
16:27:39.281 [main] DEBUG com.cohort4.cohort4jaxrsapp.dao.UserDao - This is a DEBUG log
16:27:39.286 [main] TRACE com.cohort4.cohort4jaxrsapp.dao.UserDao - This is a TRACE log
16:27:39.286 [main] TRACE com.cohort4.cohort4jaxrsapp.dao.UserDao - This is a TRACE log
16:33:38.409 [main] FATAL com.cohort4.cohort4jaxrsapp.dao.UserDao - This is a FATAL log
16:33:38.409 [main] FATAL com.cohort4.cohort4jaxrsapp.dao.UserDao - This is a FATAL log
16:33:38.444 [main] ERROR com.cohort4.cohort4jaxrsapp.dao.UserDao - This is a ERROR log
16:33:38.444 [main] ERROR com.cohort4.cohort4jaxrsapp.dao.UserDao - This is a ERROR log
16:33:38.446 [main] WARN  com.cohort4.cohort4jaxrsapp.dao.UserDao - This is a WARN log
16:33:38.446 [main] WARN  com.cohort4.cohort4jaxrsapp.dao.UserDao - This is a WARN log
16:33:38.448 [main] INFO  com.cohort4.cohort4jaxrsapp.dao.UserDao - This is a INFO log
16:33:38.448 [main] INFO  com.cohort4.cohort4jaxrsapp.dao.UserDao - This is a INFO log
16:33:38.450 [main] DEBUG com.cohort4.cohort4jaxrsapp.dao.UserDao - This is a DEBUG log
16:33:38.450 [main] DEBUG com.cohort4.cohort4jaxrsapp.dao.UserDao - This is a DEBUG log
16:33:38.452 [main] TRACE com.cohort4.cohort4jaxrsapp.dao.UserDao - This is a TRACE log
16:33:38.452 [main] TRACE com.cohort4.cohort4jaxrsapp.dao.UserDao - This is a TRACE log
16:33:38.470 [main] FATAL com.cohort4.cohort4jaxrsapp.dao.UserDao - This is a FATAL log
16:33:38.470 [main] FATAL com.cohort4.cohort4jaxrsapp.dao.UserDao - This is a FATAL log
16:33:38.472 [main] ERROR com.cohort4.cohort4jaxrsapp.dao.UserDao - This is a ERROR log
16:33:38.472 [main] ERROR com.cohort4.cohort4jaxrsapp.dao.UserDao - This is a ERROR log
16:33:38.473 [main] WARN  com.cohort4.cohort4jaxrsapp.dao.UserDao - This is a WARN log
16:33:38.473 [main] WARN  com.cohort4.cohort4jaxrsapp.dao.UserDao - This is a WARN log
16:33:38.475 [main] INFO  com.cohort4.cohort4jaxrsapp.dao.UserDao - This is a INFO log
16:33:38.475 [main] INFO  com.cohort4.cohort4jaxrsapp.dao.UserDao - This is a INFO log
16:33:38.477 [main] DEBUG com.cohort4.cohort4jaxrsapp.dao.UserDao - This is a DEBUG log
16:33:38.477 [main] DEBUG com.cohort4.cohort4jaxrsapp.dao.UserDao - This is a DEBUG log
16:33:38.478 [main] TRACE com.cohort4.cohort4jaxrsapp.dao.UserDao - This is a TRACE log
16:33:38.478 [main] TRACE com.cohort4.cohort4jaxrsapp.dao.UserDao - This is a TRACE log
16:38:39.587 [main] FATAL com.cohort4.cohort4jaxrsapp.dao.UserDao - This is a FATAL log
16:38:39.587 [main] FATAL com.cohort4.cohort4jaxrsapp.dao.UserDao - This is a FATAL log
16:38:39.686 [main] ERROR com.cohort4.cohort4jaxrsapp.dao.UserDao - This is a ERROR log
16:38:39.686 [main] ERROR com.cohort4.cohort4jaxrsapp.dao.UserDao - This is a ERROR log
16:38:39.691 [main] WARN  com.cohort4.cohort4jaxrsapp.dao.UserDao - This is a WARN log
16:38:39.691 [main] WARN  com.cohort4.cohort4jaxrsapp.dao.UserDao - This is a WARN log
16:38:39.695 [main] INFO  com.cohort4.cohort4jaxrsapp.dao.UserDao - This is a INFO log
16:38:39.695 [main] INFO  com.cohort4.cohort4jaxrsapp.dao.UserDao - This is a INFO log
16:38:39.698 [main] DEBUG com.cohort4.cohort4jaxrsapp.dao.UserDao - This is a DEBUG log
16:38:39.698 [main] DEBUG com.cohort4.cohort4jaxrsapp.dao.UserDao - This is a DEBUG log
16:38:39.708 [main] TRACE com.cohort4.cohort4jaxrsapp.dao.UserDao - This is a TRACE log
16:38:39.708 [main] TRACE com.cohort4.cohort4jaxrsapp.dao.UserDao - This is a TRACE log
16:38:39.760 [main] FATAL com.cohort4.cohort4jaxrsapp.dao.UserDao - This is a FATAL log
16:38:39.760 [main] FATAL com.cohort4.cohort4jaxrsapp.dao.UserDao - This is a FATAL log
16:38:39.766 [main] ERROR com.cohort4.cohort4jaxrsapp.dao.UserDao - This is a ERROR log
16:38:39.766 [main] ERROR com.cohort4.cohort4jaxrsapp.dao.UserDao - This is a ERROR log
16:38:39.770 [main] WARN  com.cohort4.cohort4jaxrsapp.dao.UserDao - This is a WARN log
16:38:39.770 [main] WARN  com.cohort4.cohort4jaxrsapp.dao.UserDao - This is a WARN log
16:38:39.777 [main] INFO  com.cohort4.cohort4jaxrsapp.dao.UserDao - This is a INFO log
16:38:39.777 [main] INFO  com.cohort4.cohort4jaxrsapp.dao.UserDao - This is a INFO log
16:38:39.782 [main] DEBUG com.cohort4.cohort4jaxrsapp.dao.UserDao - This is a DEBUG log
16:38:39.782 [main] DEBUG com.cohort4.cohort4jaxrsapp.dao.UserDao - This is a DEBUG log
16:38:39.785 [main] TRACE com.cohort4.cohort4jaxrsapp.dao.UserDao - This is a TRACE log
16:38:39.785 [main] TRACE com.cohort4.cohort4jaxrsapp.dao.UserDao - This is a TRACE log
16:39:16.782 [main] FATAL com.cohort4.cohort4jaxrsapp.dao.UserDao - This is a FATAL log
16:39:16.782 [main] FATAL com.cohort4.cohort4jaxrsapp.dao.UserDao - This is a FATAL log
16:39:16.842 [main] ERROR com.cohort4.cohort4jaxrsapp.dao.UserDao - This is a ERROR log
16:39:16.842 [main] ERROR com.cohort4.cohort4jaxrsapp.dao.UserDao - This is a ERROR log
16:39:16.844 [main] WARN  com.cohort4.cohort4jaxrsapp.dao.UserDao - This is a WARN log
16:39:16.844 [main] WARN  com.cohort4.cohort4jaxrsapp.dao.UserDao - This is a WARN log
16:39:16.847 [main] INFO  com.cohort4.cohort4jaxrsapp.dao.UserDao - This is a INFO log
16:39:16.847 [main] INFO  com.cohort4.cohort4jaxrsapp.dao.UserDao - This is a INFO log
16:39:16.850 [main] DEBUG com.cohort4.cohort4jaxrsapp.dao.UserDao - This is a DEBUG log
16:39:16.850 [main] DEBUG com.cohort4.cohort4jaxrsapp.dao.UserDao - This is a DEBUG log
16:39:16.853 [main] TRACE com.cohort4.cohort4jaxrsapp.dao.UserDao - This is a TRACE log
16:39:16.853 [main] TRACE com.cohort4.cohort4jaxrsapp.dao.UserDao - This is a TRACE log
16:39:16.882 [main] FATAL com.cohort4.cohort4jaxrsapp.dao.UserDao - This is a FATAL log
16:39:16.882 [main] FATAL com.cohort4.cohort4jaxrsapp.dao.UserDao - This is a FATAL log
16:39:16.890 [main] ERROR com.cohort4.cohort4jaxrsapp.dao.UserDao - This is a ERROR log
16:39:16.890 [main] ERROR com.cohort4.cohort4jaxrsapp.dao.UserDao - This is a ERROR log
16:39:16.893 [main] WARN  com.cohort4.cohort4jaxrsapp.dao.UserDao - This is a WARN log
16:39:16.893 [main] WARN  com.cohort4.cohort4jaxrsapp.dao.UserDao - This is a WARN log
16:39:16.895 [main] INFO  com.cohort4.cohort4jaxrsapp.dao.UserDao - This is a INFO log
16:39:16.895 [main] INFO  com.cohort4.cohort4jaxrsapp.dao.UserDao - This is a INFO log
16:39:16.897 [main] DEBUG com.cohort4.cohort4jaxrsapp.dao.UserDao - This is a DEBUG log
16:39:16.897 [main] DEBUG com.cohort4.cohort4jaxrsapp.dao.UserDao - This is a DEBUG log
16:39:16.899 [main] TRACE com.cohort4.cohort4jaxrsapp.dao.UserDao - This is a TRACE log
16:39:16.899 [main] TRACE com.cohort4.cohort4jaxrsapp.dao.UserDao - This is a TRACE log
23:51:00.715 [main] FATAL com.cohort4.cohort4jaxrsapp.dao.UserDao - This is a FATAL log
23:51:00.715 [main] FATAL com.cohort4.cohort4jaxrsapp.dao.UserDao - This is a FATAL log
23:51:00.866 [main] ERROR com.cohort4.cohort4jaxrsapp.dao.UserDao - This is a ERROR log
23:51:00.866 [main] ERROR com.cohort4.cohort4jaxrsapp.dao.UserDao - This is a ERROR log
23:51:00.868 [main] WARN  com.cohort4.cohort4jaxrsapp.dao.UserDao - This is a WARN log
23:51:00.868 [main] WARN  com.cohort4.cohort4jaxrsapp.dao.UserDao - This is a WARN log
23:51:00.871 [main] INFO  com.cohort4.cohort4jaxrsapp.dao.UserDao - This is a INFO log
23:51:00.871 [main] INFO  com.cohort4.cohort4jaxrsapp.dao.UserDao - This is a INFO log
23:51:00.873 [main] DEBUG com.cohort4.cohort4jaxrsapp.dao.UserDao - This is a DEBUG log
23:51:00.873 [main] DEBUG com.cohort4.cohort4jaxrsapp.dao.UserDao - This is a DEBUG log
23:51:00.875 [main] TRACE com.cohort4.cohort4jaxrsapp.dao.UserDao - This is a TRACE log
23:51:00.875 [main] TRACE com.cohort4.cohort4jaxrsapp.dao.UserDao - This is a TRACE log
23:51:00.912 [main] FATAL com.cohort4.cohort4jaxrsapp.dao.UserDao - This is a FATAL log
23:51:00.912 [main] FATAL com.cohort4.cohort4jaxrsapp.dao.UserDao - This is a FATAL log
23:51:00.914 [main] ERROR com.cohort4.cohort4jaxrsapp.dao.UserDao - This is a ERROR log
23:51:00.914 [main] ERROR com.cohort4.cohort4jaxrsapp.dao.UserDao - This is a ERROR log
23:51:00.916 [main] WARN  com.cohort4.cohort4jaxrsapp.dao.UserDao - This is a WARN log
23:51:00.916 [main] WARN  com.cohort4.cohort4jaxrsapp.dao.UserDao - This is a WARN log
23:51:00.919 [main] INFO  com.cohort4.cohort4jaxrsapp.dao.UserDao - This is a INFO log
23:51:00.919 [main] INFO  com.cohort4.cohort4jaxrsapp.dao.UserDao - This is a INFO log
23:51:00.921 [main] DEBUG com.cohort4.cohort4jaxrsapp.dao.UserDao - This is a DEBUG log
23:51:00.921 [main] DEBUG com.cohort4.cohort4jaxrsapp.dao.UserDao - This is a DEBUG log
23:51:00.922 [main] TRACE com.cohort4.cohort4jaxrsapp.dao.UserDao - This is a TRACE log
23:51:00.922 [main] TRACE com.cohort4.cohort4jaxrsapp.dao.UserDao - This is a TRACE log
23:51:10.545 [main] ERROR com.cohort4.cohort4jaxrsapp.config.DbConnection - 847320212 DB ERROR :  Connection failed - Communications link failure

The last packet sent successfully to the server was 0 milliseconds ago. The driver has not received any packets from the server.
23:51:10.545 [main] ERROR com.cohort4.cohort4jaxrsapp.config.DbConnection - 847320212 DB ERROR :  Connection failed - Communications link failure

The last packet sent successfully to the server was 0 milliseconds ago. The driver has not received any packets from the server.
23:53:19.729 [main] FATAL com.cohort4.cohort4jaxrsapp.dao.UserDao - This is a FATAL log
23:53:19.729 [main] FATAL com.cohort4.cohort4jaxrsapp.dao.UserDao - This is a FATAL log
23:53:19.810 [main] ERROR com.cohort4.cohort4jaxrsapp.dao.UserDao - This is a ERROR log
23:53:19.810 [main] ERROR com.cohort4.cohort4jaxrsapp.dao.UserDao - This is a ERROR log
23:53:19.814 [main] WARN  com.cohort4.cohort4jaxrsapp.dao.UserDao - This is a WARN log
23:53:19.814 [main] WARN  com.cohort4.cohort4jaxrsapp.dao.UserDao - This is a WARN log
23:53:19.817 [main] INFO  com.cohort4.cohort4jaxrsapp.dao.UserDao - This is a INFO log
23:53:19.817 [main] INFO  com.cohort4.cohort4jaxrsapp.dao.UserDao - This is a INFO log
23:53:19.820 [main] DEBUG com.cohort4.cohort4jaxrsapp.dao.UserDao - This is a DEBUG log
23:53:19.820 [main] DEBUG com.cohort4.cohort4jaxrsapp.dao.UserDao - This is a DEBUG log
23:53:19.822 [main] TRACE com.cohort4.cohort4jaxrsapp.dao.UserDao - This is a TRACE log
23:53:19.822 [main] TRACE com.cohort4.cohort4jaxrsapp.dao.UserDao - This is a TRACE log
23:53:19.843 [main] FATAL com.cohort4.cohort4jaxrsapp.dao.UserDao - This is a FATAL log
23:53:19.843 [main] FATAL com.cohort4.cohort4jaxrsapp.dao.UserDao - This is a FATAL log
23:53:19.847 [main] ERROR com.cohort4.cohort4jaxrsapp.dao.UserDao - This is a ERROR log
23:53:19.847 [main] ERROR com.cohort4.cohort4jaxrsapp.dao.UserDao - This is a ERROR log
23:53:19.849 [main] WARN  com.cohort4.cohort4jaxrsapp.dao.UserDao - This is a WARN log
23:53:19.849 [main] WARN  com.cohort4.cohort4jaxrsapp.dao.UserDao - This is a WARN log
23:53:19.940 [main] INFO  com.cohort4.cohort4jaxrsapp.dao.UserDao - This is a INFO log
23:53:19.940 [main] INFO  com.cohort4.cohort4jaxrsapp.dao.UserDao - This is a INFO log
23:53:19.952 [main] DEBUG com.cohort4.cohort4jaxrsapp.dao.UserDao - This is a DEBUG log
23:53:19.952 [main] DEBUG com.cohort4.cohort4jaxrsapp.dao.UserDao - This is a DEBUG log
23:53:19.956 [main] TRACE com.cohort4.cohort4jaxrsapp.dao.UserDao - This is a TRACE log
23:53:19.956 [main] TRACE com.cohort4.cohort4jaxrsapp.dao.UserDao - This is a TRACE log
23:53:21.794 [main] INFO  com.cohort4.cohort4jaxrsapp.config.DbConnection - DB SUCCESS :  Connection Successful
23:53:21.794 [main] INFO  com.cohort4.cohort4jaxrsapp.config.DbConnection - DB SUCCESS :  Connection Successful
23:54:50.606 [main] INFO  com.cohort4.cohort4jaxrsapp.config.DbConnection - DB SUCCESS :  Connection Successful
23:54:50.606 [main] INFO  com.cohort4.cohort4jaxrsapp.config.DbConnection - DB SUCCESS :  Connection Successful
00:22:38.118 [main] INFO  com.cohort4.cohort4jaxrsapp.config.DbConnection - DB SUCCESS :  Connection Successful
00:22:38.118 [main] INFO  com.cohort4.cohort4jaxrsapp.config.DbConnection - DB SUCCESS :  Connection Successful
00:22:38.659 [main] INFO  com.cohort4.cohort4jaxrsapp.config.DbConnection - DB SUCCESS :  Connection Successful
00:22:38.659 [main] INFO  com.cohort4.cohort4jaxrsapp.config.DbConnection - DB SUCCESS :  Connection Successful
00:24:36.521 [main] INFO  com.cohort4.cohort4jaxrsapp.config.DbConnection - DB SUCCESS :  Connection Successful
00:24:36.521 [main] INFO  com.cohort4.cohort4jaxrsapp.config.DbConnection - DB SUCCESS :  Connection Successful
00:24:37.025 [main] ERROR com.cohort4.cohort4jaxrsapp.dao.UserDao - SQL ERROR :  Could not insert data - Duplicate entry 'test' for key 'username_UNIQUE'
00:24:37.025 [main] ERROR com.cohort4.cohort4jaxrsapp.dao.UserDao - SQL ERROR :  Could not insert data - Duplicate entry 'test' for key 'username_UNIQUE'
00:24:37.259 [main] INFO  com.cohort4.cohort4jaxrsapp.config.DbConnection - DB SUCCESS :  Connection Successful
00:24:37.259 [main] INFO  com.cohort4.cohort4jaxrsapp.config.DbConnection - DB SUCCESS :  Connection Successful
00:24:37.414 [main] INFO  com.cohort4.cohort4jaxrsapp.config.DbConnection - DB SUCCESS :  Connection Successful
00:24:37.414 [main] INFO  com.cohort4.cohort4jaxrsapp.config.DbConnection - DB SUCCESS :  Connection Successful
00:26:17.892 [main] INFO  com.cohort4.cohort4jaxrsapp.config.DbConnection - DB SUCCESS :  Connection Successful
00:26:17.892 [main] INFO  com.cohort4.cohort4jaxrsapp.config.DbConnection - DB SUCCESS :  Connection Successful
00:26:18.420 [main] INFO  com.cohort4.cohort4jaxrsapp.config.DbConnection - DB SUCCESS :  Connection Successful
00:26:18.420 [main] INFO  com.cohort4.cohort4jaxrsapp.config.DbConnection - DB SUCCESS :  Connection Successful
00:26:18.528 [main] ERROR com.cohort4.cohort4jaxrsapp.dao.UserDao - SQL ERROR :  Could not insert data - Duplicate entry 'test' for key 'username_UNIQUE'
00:26:18.528 [main] ERROR com.cohort4.cohort4jaxrsapp.dao.UserDao - SQL ERROR :  Could not insert data - Duplicate entry 'test' for key 'username_UNIQUE'
00:27:06.893 [main] INFO  com.cohort4.cohort4jaxrsapp.config.DbConnection - DB SUCCESS :  Connection Successful
00:27:06.893 [main] INFO  com.cohort4.cohort4jaxrsapp.config.DbConnection - DB SUCCESS :  Connection Successful
00:27:07.336 [main] INFO  com.cohort4.cohort4jaxrsapp.config.DbConnection - DB SUCCESS :  Connection Successful
00:27:07.336 [main] INFO  com.cohort4.cohort4jaxrsapp.config.DbConnection - DB SUCCESS :  Connection Successful
00:27:07.450 [main] ERROR com.cohort4.cohort4jaxrsapp.dao.UserDao - SQL ERROR :  Could not insert data - Duplicate entry 'test' for key 'username_UNIQUE'
00:27:07.450 [main] ERROR com.cohort4.cohort4jaxrsapp.dao.UserDao - SQL ERROR :  Could not insert data - Duplicate entry 'test' for key 'username_UNIQUE'
00:31:20.787 [main] INFO  com.cohort4.cohort4jaxrsapp.config.DbConnection - DB SUCCESS :  Connection Successful
00:31:20.787 [main] INFO  com.cohort4.cohort4jaxrsapp.config.DbConnection - DB SUCCESS :  Connection Successful
00:32:06.098 [main] INFO  com.cohort4.cohort4jaxrsapp.config.DbConnection - DB SUCCESS :  Connection Successful
00:32:06.098 [main] INFO  com.cohort4.cohort4jaxrsapp.config.DbConnection - DB SUCCESS :  Connection Successful
